objc[34748]: Class AXEmojiUtilities is implemented in both /Applications/Xcode.app/Contents/Developer/Platforms/iPhoneSimulator.platform/Developer/SDKs/iPhoneSimulator7.1.sdk/System/Library/PrivateFrameworks/AccessibilityUtilities.framework/AccessibilityUtilities and /Applications/Xcode.app/Contents/Developer/Platforms/iPhoneSimulator.platform/Developer/SDKs/iPhoneSimulator7.1.sdk/usr/lib/libAXSpeechManager.dylib. One of the two will be used. Which one is undefined.
2014-03-11 20:47:06.493 GHmobile[34748:70b] Cannot find executable for CFBundle 0xa3729d0 </Applications/Xcode.app/Contents/Developer/Platforms/iPhoneSimulator.platform/Developer/SDKs/iPhoneSimulator7.1.sdk/System/Library/AccessibilityBundles/CertUIFramework.axbundle> (not loaded)
2014-03-11 20:47:06.529 GHmobile[34748:70b] Cannot find executable for CFBundle 0xa2bd460 </Applications/Xcode.app/Contents/Developer/Platforms/iPhoneSimulator.platform/Developer/SDKs/iPhoneSimulator7.1.sdk/System/Library/AccessibilityBundles/GeoServices.axbundle> (not loaded)
2014-03-11 20:47:06.711 GHmobile[34748:70b] Multi-tasking -> Device: YES, App: YES
2014-03-11 20:47:06.739 GHmobile[34748:70b] Unlimited access to network resources
2014-03-11 20:47:07.141 GHmobile[34748:70b] Resetting plugins due to page load.
2014-03-11 20:47:14.373 GHmobile[34748:70b] Finished load of: file:///Users/hang/Library/Application%20Support/iPhone%20Simulator/7.1/Applications/AE1499A5-102F-41B7-8935-84D5752D7A23/GHmobile.app/www/index.html
objc[36357]: Class AXEmojiUtilities is implemented in both /Applications/Xcode.app/Contents/Developer/Platforms/iPhoneSimulator.platform/Developer/SDKs/iPhoneSimulator7.1.sdk/System/Library/PrivateFrameworks/AccessibilityUtilities.framework/AccessibilityUtilities and /Applications/Xcode.app/Contents/Developer/Platforms/iPhoneSimulator.platform/Developer/SDKs/iPhoneSimulator7.1.sdk/usr/lib/libAXSpeechManager.dylib. One of the two will be used. Which one is undefined.
2014-03-11 21:01:06.769 GHmobile[36357:70b] Cannot find executable for CFBundle 0xa48ee00 </Applications/Xcode.app/Contents/Developer/Platforms/iPhoneSimulator.platform/Developer/SDKs/iPhoneSimulator7.1.sdk/System/Library/AccessibilityBundles/CertUIFramework.axbundle> (not loaded)
2014-03-11 21:01:06.816 GHmobile[36357:70b] Cannot find executable for CFBundle 0xa2a7680 </Applications/Xcode.app/Contents/Developer/Platforms/iPhoneSimulator.platform/Developer/SDKs/iPhoneSimulator7.1.sdk/System/Library/AccessibilityBundles/GeoServices.axbundle> (not loaded)
2014-03-11 21:01:07.169 GHmobile[36357:70b] Multi-tasking -> Device: YES, App: YES
2014-03-11 21:01:07.197 GHmobile[36357:70b] Unlimited access to network resources
2014-03-11 21:01:07.450 GHmobile[36357:70b] Resetting plugins due to page load.
2014-03-11 21:01:08.171 GHmobile[36357:70b] Finished load of: file:///Users/hang/Library/Application%20Support/iPhone%20Simulator/7.1/Applications/AE1499A5-102F-41B7-8935-84D5752D7A23/GHmobile.app/www/index.html
objc[37647]: Class AXEmojiUtilities is implemented in both /Applications/Xcode.app/Contents/Developer/Platforms/iPhoneSimulator.platform/Developer/SDKs/iPhoneSimulator7.1.sdk/System/Library/PrivateFrameworks/AccessibilityUtilities.framework/AccessibilityUtilities and /Applications/Xcode.app/Contents/Developer/Platforms/iPhoneSimulator.platform/Developer/SDKs/iPhoneSimulator7.1.sdk/usr/lib/libAXSpeechManager.dylib. One of the two will be used. Which one is undefined.
2014-03-11 21:03:05.852 GHmobile[37647:70b] Cannot find executable for CFBundle 0xa457ca0 </Applications/Xcode.app/Contents/Developer/Platforms/iPhoneSimulator.platform/Developer/SDKs/iPhoneSimulator7.1.sdk/System/Library/AccessibilityBundles/GeoServices.axbundle> (not loaded)
2014-03-11 21:03:05.950 GHmobile[37647:70b] Cannot find executable for CFBundle 0xa478e90 </Applications/Xcode.app/Contents/Developer/Platforms/iPhoneSimulator.platform/Developer/SDKs/iPhoneSimulator7.1.sdk/System/Library/AccessibilityBundles/CertUIFramework.axbundle> (not loaded)
2014-03-11 21:03:06.372 GHmobile[37647:70b] Multi-tasking -> Device: YES, App: YES
2014-03-11 21:03:06.403 GHmobile[37647:70b] Unlimited access to network resources
2014-03-11 21:03:06.613 GHmobile[37647:70b] Resetting plugins due to page load.
2014-03-11 21:03:07.358 GHmobile[37647:70b] Finished load of: file:///Users/hang/Library/Application%20Support/iPhone%20Simulator/7.1/Applications/AE1499A5-102F-41B7-8935-84D5752D7A23/GHmobile.app/www/index.html
objc[10577]: Class AXEmojiUtilities is implemented in both /Applications/Xcode.app/Contents/Developer/Platforms/iPhoneSimulator.platform/Developer/SDKs/iPhoneSimulator7.1.sdk/System/Library/PrivateFrameworks/AccessibilityUtilities.framework/AccessibilityUtilities and /Applications/Xcode.app/Contents/Developer/Platforms/iPhoneSimulator.platform/Developer/SDKs/iPhoneSimulator7.1.sdk/usr/lib/libAXSpeechManager.dylib. One of the two will be used. Which one is undefined.
2014-03-12 23:52:51.019 GHmobile[10577:70b] Cannot find executable for CFBundle 0xa54d3b0 </Applications/Xcode.app/Contents/Developer/Platforms/iPhoneSimulator.platform/Developer/SDKs/iPhoneSimulator7.1.sdk/System/Library/AccessibilityBundles/GeoServices.axbundle> (not loaded)
2014-03-12 23:52:51.037 GHmobile[10577:70b] Cannot find executable for CFBundle 0xa35fbc0 </Applications/Xcode.app/Contents/Developer/Platforms/iPhoneSimulator.platform/Developer/SDKs/iPhoneSimulator7.1.sdk/System/Library/AccessibilityBundles/CertUIFramework.axbundle> (not loaded)
2014-03-12 23:52:51.082 GHmobile[10577:70b] Multi-tasking -> Device: YES, App: YES
2014-03-12 23:52:51.109 GHmobile[10577:70b] Unlimited access to network resources
2014-03-12 23:52:51.512 GHmobile[10577:70b] Resetting plugins due to page load.
2014-03-12 23:52:52.355 GHmobile[10577:70b] Finished load of: file:///Users/hang/Library/Application%20Support/iPhone%20Simulator/7.1/Applications/AE1499A5-102F-41B7-8935-84D5752D7A23/GHmobile.app/www/index.html
objc[40009]: Class AXEmojiUtilities is implemented in both /Applications/Xcode.app/Contents/Developer/Platforms/iPhoneSimulator.platform/Developer/SDKs/iPhoneSimulator7.1.sdk/System/Library/PrivateFrameworks/AccessibilityUtilities.framework/AccessibilityUtilities and /Applications/Xcode.app/Contents/Developer/Platforms/iPhoneSimulator.platform/Developer/SDKs/iPhoneSimulator7.1.sdk/usr/lib/libAXSpeechManager.dylib. One of the two will be used. Which one is undefined.
2014-03-28 00:19:43.884 GHmobile[40009:70b] Cannot find executable for CFBundle 0xa58c980 </Applications/Xcode.app/Contents/Developer/Platforms/iPhoneSimulator.platform/Developer/SDKs/iPhoneSimulator7.1.sdk/System/Library/AccessibilityBundles/CertUIFramework.axbundle> (not loaded)
2014-03-28 00:19:43.916 GHmobile[40009:70b] Cannot find executable for CFBundle 0xa5a8bd0 </Applications/Xcode.app/Contents/Developer/Platforms/iPhoneSimulator.platform/Developer/SDKs/iPhoneSimulator7.1.sdk/System/Library/AccessibilityBundles/GeoServices.axbundle> (not loaded)
2014-03-28 00:19:44.000 GHmobile[40009:70b] Multi-tasking -> Device: YES, App: YES
2014-03-28 00:19:44.057 GHmobile[40009:70b] Unlimited access to network resources
2014-03-28 00:19:44.370 GHmobile[40009:70b] Resetting plugins due to page load.
2014-03-28 00:19:46.127 GHmobile[40009:70b] Finished load of: file:///Users/hang/Library/Application%20Support/iPhone%20Simulator/7.1/Applications/AE1499A5-102F-41B7-8935-84D5752D7A23/GHmobile.app/www/index.html
objc[44860]: Class AXEmojiUtilities is implemented in both /Applications/Xcode.app/Contents/Developer/Platforms/iPhoneSimulator.platform/Developer/SDKs/iPhoneSimulator7.1.sdk/System/Library/PrivateFrameworks/AccessibilityUtilities.framework/AccessibilityUtilities and /Applications/Xcode.app/Contents/Developer/Platforms/iPhoneSimulator.platform/Developer/SDKs/iPhoneSimulator7.1.sdk/usr/lib/libAXSpeechManager.dylib. One of the two will be used. Which one is undefined.
2014-03-28 10:03:39.892 GHmobile[44860:70b] Cannot find executable for CFBundle 0xa45aa30 </Applications/Xcode.app/Contents/Developer/Platforms/iPhoneSimulator.platform/Developer/SDKs/iPhoneSimulator7.1.sdk/System/Library/AccessibilityBundles/CertUIFramework.axbundle> (not loaded)
2014-03-28 10:03:39.962 GHmobile[44860:70b] Cannot find executable for CFBundle 0xa45f090 </Applications/Xcode.app/Contents/Developer/Platforms/iPhoneSimulator.platform/Developer/SDKs/iPhoneSimulator7.1.sdk/System/Library/AccessibilityBundles/GeoServices.axbundle> (not loaded)
2014-03-28 10:03:40.069 GHmobile[44860:70b] Multi-tasking -> Device: YES, App: YES
2014-03-28 10:03:40.112 GHmobile[44860:70b] Unlimited access to network resources
2014-03-28 10:03:40.507 GHmobile[44860:70b] Resetting plugins due to page load.
2014-03-28 10:03:43.185 GHmobile[44860:70b] Finished load of: file:///Users/hang/Library/Application%20Support/iPhone%20Simulator/7.1/Applications/AE1499A5-102F-41B7-8935-84D5752D7A23/GHmobile.app/www/index.html
objc[53642]: Class AXEmojiUtilities is implemented in both /Applications/Xcode.app/Contents/Developer/Platforms/iPhoneSimulator.platform/Developer/SDKs/iPhoneSimulator7.1.sdk/System/Library/PrivateFrameworks/AccessibilityUtilities.framework/AccessibilityUtilities and /Applications/Xcode.app/Contents/Developer/Platforms/iPhoneSimulator.platform/Developer/SDKs/iPhoneSimulator7.1.sdk/usr/lib/libAXSpeechManager.dylib. One of the two will be used. Which one is undefined.
2014-03-29 05:27:25.748 GHmobile[53642:70b] Cannot find executable for CFBundle 0xa2444e0 </Applications/Xcode.app/Contents/Developer/Platforms/iPhoneSimulator.platform/Developer/SDKs/iPhoneSimulator7.1.sdk/System/Library/AccessibilityBundles/GeoServices.axbundle> (not loaded)
2014-03-29 05:27:25.792 GHmobile[53642:70b] Cannot find executable for CFBundle 0xa331c40 </Applications/Xcode.app/Contents/Developer/Platforms/iPhoneSimulator.platform/Developer/SDKs/iPhoneSimulator7.1.sdk/System/Library/AccessibilityBundles/CertUIFramework.axbundle> (not loaded)
2014-03-29 05:27:25.829 GHmobile[53642:70b] Multi-tasking -> Device: YES, App: YES
2014-03-29 05:27:25.861 GHmobile[53642:70b] Unlimited access to network resources
2014-03-29 05:27:26.456 GHmobile[53642:70b] Resetting plugins due to page load.
Terminating in response to SpringBoard's termination.
