objc[15912]: Class AXEmojiUtilities is implemented in both /Applications/Xcode.app/Contents/Developer/Platforms/iPhoneSimulator.platform/Developer/SDKs/iPhoneSimulator7.1.sdk/System/Library/PrivateFrameworks/AccessibilityUtilities.framework/AccessibilityUtilities and /Applications/Xcode.app/Contents/Developer/Platforms/iPhoneSimulator.platform/Developer/SDKs/iPhoneSimulator7.1.sdk/usr/lib/libAXSpeechManager.dylib. One of the two will be used. Which one is undefined.
2014-04-02 18:17:59.338 Routing Plus[15912:70b] Cannot find executable for CFBundle 0xa49fb10 </Applications/Xcode.app/Contents/Developer/Platforms/iPhoneSimulator.platform/Developer/SDKs/iPhoneSimulator7.1.sdk/System/Library/AccessibilityBundles/GeoServices.axbundle> (not loaded)
2014-04-02 18:17:59.365 Routing Plus[15912:70b] Cannot find executable for CFBundle 0xa4bf480 </Applications/Xcode.app/Contents/Developer/Platforms/iPhoneSimulator.platform/Developer/SDKs/iPhoneSimulator7.1.sdk/System/Library/AccessibilityBundles/CertUIFramework.axbundle> (not loaded)
2014-04-02 18:17:59.655 Routing Plus[15912:70b] Multi-tasking -> Device: YES, App: YES
2014-04-02 18:17:59.702 Routing Plus[15912:70b] Unlimited access to network resources
2014-04-02 18:18:00.469 Routing Plus[15912:70b] Resetting plugins due to page load.
2014-04-02 18:18:01.178 Routing Plus[15912:70b] Finished load of: file:///Users/hang/Library/Application%20Support/iPhone%20Simulator/7.1/Applications/1C4862C3-DC55-4F04-AF74-CE5D6226D0B8/Routing%20Plus.app/www/index.html
objc[16746]: Class AXEmojiUtilities is implemented in both /Applications/Xcode.app/Contents/Developer/Platforms/iPhoneSimulator.platform/Developer/SDKs/iPhoneSimulator7.1.sdk/System/Library/PrivateFrameworks/AccessibilityUtilities.framework/AccessibilityUtilities and /Applications/Xcode.app/Contents/Developer/Platforms/iPhoneSimulator.platform/Developer/SDKs/iPhoneSimulator7.1.sdk/usr/lib/libAXSpeechManager.dylib. One of the two will be used. Which one is undefined.
2014-04-02 18:24:08.083 Routing Plus[16746:70b] Cannot find executable for CFBundle 0xa265240 </Applications/Xcode.app/Contents/Developer/Platforms/iPhoneSimulator.platform/Developer/SDKs/iPhoneSimulator7.1.sdk/System/Library/AccessibilityBundles/CertUIFramework.axbundle> (not loaded)
2014-04-02 18:24:08.092 Routing Plus[16746:70b] Cannot find executable for CFBundle 0xa44bb20 </Applications/Xcode.app/Contents/Developer/Platforms/iPhoneSimulator.platform/Developer/SDKs/iPhoneSimulator7.1.sdk/System/Library/AccessibilityBundles/GeoServices.axbundle> (not loaded)
2014-04-02 18:24:08.135 Routing Plus[16746:70b] Multi-tasking -> Device: YES, App: YES
2014-04-02 18:24:08.144 Routing Plus[16746:70b] Unlimited access to network resources
2014-04-02 18:24:08.342 Routing Plus[16746:70b] Resetting plugins due to page load.
2014-04-02 18:24:09.269 Routing Plus[16746:70b] Finished load of: file:///Users/hang/Library/Application%20Support/iPhone%20Simulator/7.1/Applications/1C4862C3-DC55-4F04-AF74-CE5D6226D0B8/Routing%20Plus.app/www/index.html
objc[17468]: Class AXEmojiUtilities is implemented in both /Applications/Xcode.app/Contents/Developer/Platforms/iPhoneSimulator.platform/Developer/SDKs/iPhoneSimulator7.1.sdk/System/Library/PrivateFrameworks/AccessibilityUtilities.framework/AccessibilityUtilities and /Applications/Xcode.app/Contents/Developer/Platforms/iPhoneSimulator.platform/Developer/SDKs/iPhoneSimulator7.1.sdk/usr/lib/libAXSpeechManager.dylib. One of the two will be used. Which one is undefined.
2014-04-02 18:29:50.360 Routing Plus[17468:70b] Cannot find executable for CFBundle 0xa4974b0 </Applications/Xcode.app/Contents/Developer/Platforms/iPhoneSimulator.platform/Developer/SDKs/iPhoneSimulator7.1.sdk/System/Library/AccessibilityBundles/GeoServices.axbundle> (not loaded)
2014-04-02 18:29:50.398 Routing Plus[17468:70b] Cannot find executable for CFBundle 0xa59cd70 </Applications/Xcode.app/Contents/Developer/Platforms/iPhoneSimulator.platform/Developer/SDKs/iPhoneSimulator7.1.sdk/System/Library/AccessibilityBundles/CertUIFramework.axbundle> (not loaded)
2014-04-02 18:29:50.632 Routing Plus[17468:70b] Multi-tasking -> Device: YES, App: YES
2014-04-02 18:29:50.659 Routing Plus[17468:70b] Unlimited access to network resources
2014-04-02 18:29:50.914 Routing Plus[17468:70b] Resetting plugins due to page load.
2014-04-02 18:29:51.541 Routing Plus[17468:70b] Finished load of: file:///Users/hang/Library/Application%20Support/iPhone%20Simulator/7.1/Applications/1C4862C3-DC55-4F04-AF74-CE5D6226D0B8/Routing%20Plus.app/www/index.html
objc[18274]: Class AXEmojiUtilities is implemented in both /Applications/Xcode.app/Contents/Developer/Platforms/iPhoneSimulator.platform/Developer/SDKs/iPhoneSimulator7.1.sdk/System/Library/PrivateFrameworks/AccessibilityUtilities.framework/AccessibilityUtilities and /Applications/Xcode.app/Contents/Developer/Platforms/iPhoneSimulator.platform/Developer/SDKs/iPhoneSimulator7.1.sdk/usr/lib/libAXSpeechManager.dylib. One of the two will be used. Which one is undefined.
2014-04-02 18:31:37.006 Routing Plus[18274:70b] Cannot find executable for CFBundle 0xa488800 </Applications/Xcode.app/Contents/Developer/Platforms/iPhoneSimulator.platform/Developer/SDKs/iPhoneSimulator7.1.sdk/System/Library/AccessibilityBundles/GeoServices.axbundle> (not loaded)
2014-04-02 18:31:37.022 Routing Plus[18274:70b] Cannot find executable for CFBundle 0xa4a6c00 </Applications/Xcode.app/Contents/Developer/Platforms/iPhoneSimulator.platform/Developer/SDKs/iPhoneSimulator7.1.sdk/System/Library/AccessibilityBundles/CertUIFramework.axbundle> (not loaded)
2014-04-02 18:31:37.242 Routing Plus[18274:70b] Multi-tasking -> Device: YES, App: YES
2014-04-02 18:31:37.255 Routing Plus[18274:70b] Unlimited access to network resources
2014-04-02 18:31:37.574 Routing Plus[18274:70b] Resetting plugins due to page load.
2014-04-02 18:31:38.448 Routing Plus[18274:70b] Finished load of: file:///Users/hang/Library/Application%20Support/iPhone%20Simulator/7.1/Applications/1C4862C3-DC55-4F04-AF74-CE5D6226D0B8/Routing%20Plus.app/www/index.html
objc[19158]: Class AXEmojiUtilities is implemented in both /Applications/Xcode.app/Contents/Developer/Platforms/iPhoneSimulator.platform/Developer/SDKs/iPhoneSimulator7.1.sdk/System/Library/PrivateFrameworks/AccessibilityUtilities.framework/AccessibilityUtilities and /Applications/Xcode.app/Contents/Developer/Platforms/iPhoneSimulator.platform/Developer/SDKs/iPhoneSimulator7.1.sdk/usr/lib/libAXSpeechManager.dylib. One of the two will be used. Which one is undefined.
2014-04-02 18:37:14.176 Routing Plus[19158:70b] Cannot find executable for CFBundle 0xa456440 </Applications/Xcode.app/Contents/Developer/Platforms/iPhoneSimulator.platform/Developer/SDKs/iPhoneSimulator7.1.sdk/System/Library/AccessibilityBundles/GeoServices.axbundle> (not loaded)
2014-04-02 18:37:14.188 Routing Plus[19158:70b] Cannot find executable for CFBundle 0xa5727f0 </Applications/Xcode.app/Contents/Developer/Platforms/iPhoneSimulator.platform/Developer/SDKs/iPhoneSimulator7.1.sdk/System/Library/AccessibilityBundles/CertUIFramework.axbundle> (not loaded)
2014-04-02 18:37:14.248 Routing Plus[19158:70b] Multi-tasking -> Device: YES, App: YES
2014-04-02 18:37:14.288 Routing Plus[19158:70b] Unlimited access to network resources
2014-04-02 18:37:14.848 Routing Plus[19158:70b] Resetting plugins due to page load.
2014-04-02 18:37:15.958 Routing Plus[19158:70b] Finished load of: file:///Users/hang/Library/Application%20Support/iPhone%20Simulator/7.1/Applications/1C4862C3-DC55-4F04-AF74-CE5D6226D0B8/Routing%20Plus.app/www/index.html
